<?xml version="1.0" encoding="UTF-8"?>
<testsuite xmlns:xsi="http://www.w3.org/2001/XMLSchema-instance" xsi:noNamespaceSchemaLocation="https://maven.apache.org/surefire/maven-surefire-plugin/xsd/surefire-test-report.xsd" name="edu.school21.chat.AppTest" time="0.017" tests="1" errors="0" skipped="0" failures="0">
  <properties>
    <property name="gopherProxySet" value="false"/>
    <property name="awt.toolkit" value="sun.lwawt.macosx.LWCToolkit"/>
    <property name="file.encoding.pkg" value="sun.io"/>
    <property name="java.specification.version" value="1.8"/>
    <property name="sun.cpu.isalist" value=""/>
    <property name="sun.jnu.encoding" value="UTF-8"/>
    <property name="java.class.path" value="/Users/pavel/42school_projects/Java_piscine_2/day05/ex00/Chat/target/test-classes:/Users/pavel/42school_projects/Java_piscine_2/day05/ex00/Chat/target/classes:/Users/pavel/.m2/repository/junit/junit/4.11/junit-4.11.jar:/Users/pavel/.m2/repository/org/hamcrest/hamcrest-core/1.3/hamcrest-core-1.3.jar:/Users/pavel/.m2/repository/org/postgresql/postgresql/42.3.4/postgresql-42.3.4.jar:/Users/pavel/.m2/repository/org/checkerframework/checker-qual/3.5.0/checker-qual-3.5.0.jar:"/>
    <property name="java.vm.vendor" value="BellSoft"/>
    <property name="sun.arch.data.model" value="64"/>
    <property name="java.vendor.url" value="https://bell-sw.com/"/>
    <property name="user.timezone" value=""/>
    <property name="java.vm.specification.version" value="1.8"/>
    <property name="os.name" value="Mac OS X"/>
    <property name="user.country" value="RU"/>
    <property name="sun.java.launcher" value="SUN_STANDARD"/>
    <property name="sun.boot.library.path" value="/Users/pavel/Library/Java/JavaVirtualMachines/liberica-1.8.0_322/jre/lib"/>
    <property name="sun.java.command" value="/Users/pavel/42school_projects/Java_piscine_2/day05/ex00/Chat/target/surefire/surefirebooter1129890057923207290.jar /Users/pavel/42school_projects/Java_piscine_2/day05/ex00/Chat/target/surefire 2022-07-25T14-06-13_522-jvmRun1 surefire5477743603398956175tmp surefire_03370380647470367614tmp"/>
    <property name="http.nonProxyHosts" value="local|*.local|169.254/16|*.169.254/16"/>
    <property name="surefire.test.class.path" value="/Users/pavel/42school_projects/Java_piscine_2/day05/ex00/Chat/target/test-classes:/Users/pavel/42school_projects/Java_piscine_2/day05/ex00/Chat/target/classes:/Users/pavel/.m2/repository/junit/junit/4.11/junit-4.11.jar:/Users/pavel/.m2/repository/org/hamcrest/hamcrest-core/1.3/hamcrest-core-1.3.jar:/Users/pavel/.m2/repository/org/postgresql/postgresql/42.3.4/postgresql-42.3.4.jar:/Users/pavel/.m2/repository/org/checkerframework/checker-qual/3.5.0/checker-qual-3.5.0.jar:"/>
    <property name="sun.cpu.endian" value="little"/>
    <property name="user.home" value="/Users/pavel"/>
    <property name="user.language" value="en"/>
    <property name="java.specification.vendor" value="Oracle Corporation"/>
    <property name="java.home" value="/Users/pavel/Library/Java/JavaVirtualMachines/liberica-1.8.0_322/jre"/>
    <property name="basedir" value="/Users/pavel/42school_projects/Java_piscine_2/day05/ex00/Chat"/>
    <property name="file.separator" value="/"/>
    <property name="line.separator" value="&#10;"/>
    <property name="java.vm.specification.vendor" value="Oracle Corporation"/>
    <property name="java.specification.name" value="Java Platform API Specification"/>
    <property name="java.awt.graphicsenv" value="sun.awt.CGraphicsEnvironment"/>
    <property name="surefire.real.class.path" value="/Users/pavel/42school_projects/Java_piscine_2/day05/ex00/Chat/target/surefire/surefirebooter1129890057923207290.jar"/>
    <property name="sun.boot.class.path" value="/Users/pavel/Library/Java/JavaVirtualMachines/liberica-1.8.0_322/jre/lib/resources.jar:/Users/pavel/Library/Java/JavaVirtualMachines/liberica-1.8.0_322/jre/lib/rt.jar:/Users/pavel/Library/Java/JavaVirtualMachines/liberica-1.8.0_322/jre/lib/sunrsasign.jar:/Users/pavel/Library/Java/JavaVirtualMachines/liberica-1.8.0_322/jre/lib/jsse.jar:/Users/pavel/Library/Java/JavaVirtualMachines/liberica-1.8.0_322/jre/lib/jce.jar:/Users/pavel/Library/Java/JavaVirtualMachines/liberica-1.8.0_322/jre/lib/charsets.jar:/Users/pavel/Library/Java/JavaVirtualMachines/liberica-1.8.0_322/jre/lib/jfr.jar:/Users/pavel/Library/Java/JavaVirtualMachines/liberica-1.8.0_322/jre/classes"/>
    <property name="sun.management.compiler" value="HotSpot 64-Bit Tiered Compilers"/>
    <property name="ftp.nonProxyHosts" value="local|*.local|169.254/16|*.169.254/16"/>
    <property name="java.runtime.version" value="1.8.0_322-b06"/>
    <property name="user.name" value="pavel"/>
    <property name="path.separator" value=":"/>
    <property name="os.version" value="12.4"/>
    <property name="java.endorsed.dirs" value="/Users/pavel/Library/Java/JavaVirtualMachines/liberica-1.8.0_322/jre/lib/endorsed"/>
    <property name="java.runtime.name" value="OpenJDK Runtime Environment"/>
    <property name="file.encoding" value="UTF-8"/>
    <property name="java.vm.name" value="OpenJDK 64-Bit Server VM"/>
    <property name="localRepository" value="/Users/pavel/.m2/repository"/>
    <property name="java.vendor.url.bug" value="https://bell-sw.com/support"/>
    <property name="java.io.tmpdir" value="/var/folders/mn/mb645dqj6qx_0_ycnkv757_40000gn/T/"/>
    <property name="idea.version" value="2022.1"/>
    <property name="java.version" value="1.8.0_322"/>
    <property name="user.dir" value="/Users/pavel/42school_projects/Java_piscine_2/day05/ex00/Chat"/>
    <property name="os.arch" value="aarch64"/>
    <property name="java.vm.specification.name" value="Java Virtual Machine Specification"/>
    <property name="java.awt.printerjob" value="sun.lwawt.macosx.CPrinterJob"/>
    <property name="sun.os.patch.level" value="unknown"/>
    <property name="java.library.path" value="/Users/pavel/Library/Java/Extensions:/Library/Java/Extensions:/Network/Library/Java/Extensions:/System/Library/Java/Extensions:/usr/lib/java:."/>
    <property name="java.vm.info" value="mixed mode"/>
    <property name="java.vendor" value="BellSoft"/>
    <property name="java.vm.version" value="25.322-b06"/>
    <property name="java.ext.dirs" value="/Users/pavel/Library/Java/Extensions:/Users/pavel/Library/Java/JavaVirtualMachines/liberica-1.8.0_322/jre/lib/ext:/Library/Java/Extensions:/Network/Library/Java/Extensions:/System/Library/Java/Extensions:/usr/lib/java"/>
    <property name="sun.io.unicode.encoding" value="UnicodeBig"/>
    <property name="java.class.version" value="52.0"/>
    <property name="socksNonProxyHosts" value="local|*.local|169.254/16|*.169.254/16"/>
  </properties>
  <testcase name="shouldAnswerWithTrue" classname="edu.school21.chat.AppTest" time="0.001"/>
</testsuite>